<?xml version="1.0" encoding="UTF-8"?>
<testng-results ignored="0" total="1" passed="1" failed="0" skipped="0">
  <reporter-output>
    <line>
      <![CDATA[No of rows are::11]]>
    </line>
    <line>
      <![CDATA[Add Emp Success::7800     7800]]>
    </line>
    <line>
      <![CDATA[Add Emp Success::7801     7801]]>
    </line>
    <line>
      <![CDATA[Add Emp Success::7802     7802]]>
    </line>
    <line>
      <![CDATA[Add Emp Success::7803     7803]]>
    </line>
    <line>
      <![CDATA[Add Emp Success::7804     7804]]>
    </line>
    <line>
      <![CDATA[Add Emp Success::7805     7805]]>
    </line>
    <line>
      <![CDATA[Add Emp Success::7806     7806]]>
    </line>
    <line>
      <![CDATA[Add Emp Success::7807     7807]]>
    </line>
    <line>
      <![CDATA[Add Emp Success::7808     7808]]>
    </line>
    <line>
      <![CDATA[Add Emp Success::7809     7809]]>
    </line>
    <line>
      <![CDATA[Add Emp Success::7810     7810]]>
    </line>
  </reporter-output>
  <suite started-at="2022-12-31T23:45:32 IST" name="Default suite" finished-at="2022-12-31T23:46:07 IST" duration-ms="35306">
    <groups>
    </groups>
    <test started-at="2022-12-31T23:45:32 IST" name="Default test" finished-at="2022-12-31T23:46:07 IST" duration-ms="35306">
      <class name="driverFactory.DriverScriptPOM">
        <test-method is-config="true" signature="setUp()[pri:0, instance:driverFactory.DriverScriptPOM@2a265ea9]" started-at="2022-12-31T23:45:32 IST" name="setUp" finished-at="2022-12-31T23:45:38 IST" duration-ms="5719" status="PASS">
          <reporter-output>
          </reporter-output>
        </test-method> <!-- setUp -->
        <test-method signature="startTest()[pri:0, instance:driverFactory.DriverScriptPOM@2a265ea9]" started-at="2022-12-31T23:45:38 IST" name="startTest" finished-at="2022-12-31T23:46:06 IST" duration-ms="28566" status="PASS">
          <reporter-output>
            <line>
              <![CDATA[No of rows are::11]]>
            </line>
            <line>
              <![CDATA[Add Emp Success::7800     7800]]>
            </line>
            <line>
              <![CDATA[Add Emp Success::7801     7801]]>
            </line>
            <line>
              <![CDATA[Add Emp Success::7802     7802]]>
            </line>
            <line>
              <![CDATA[Add Emp Success::7803     7803]]>
            </line>
            <line>
              <![CDATA[Add Emp Success::7804     7804]]>
            </line>
            <line>
              <![CDATA[Add Emp Success::7805     7805]]>
            </line>
            <line>
              <![CDATA[Add Emp Success::7806     7806]]>
            </line>
            <line>
              <![CDATA[Add Emp Success::7807     7807]]>
            </line>
            <line>
              <![CDATA[Add Emp Success::7808     7808]]>
            </line>
            <line>
              <![CDATA[Add Emp Success::7809     7809]]>
            </line>
            <line>
              <![CDATA[Add Emp Success::7810     7810]]>
            </line>
          </reporter-output>
        </test-method> <!-- startTest -->
        <test-method is-config="true" signature="tearDown()[pri:0, instance:driverFactory.DriverScriptPOM@2a265ea9]" started-at="2022-12-31T23:46:06 IST" name="tearDown" finished-at="2022-12-31T23:46:07 IST" duration-ms="942" status="PASS">
          <reporter-output>
          </reporter-output>
        </test-method> <!-- tearDown -->
      </class> <!-- driverFactory.DriverScriptPOM -->
    </test> <!-- Default test -->
  </suite> <!-- Default suite -->
</testng-results>
